# JRE version: OpenJDK Runtime Environment (17.0.9) (build 17.0.9+0--11185874)
# Java VM: OpenJDK 64-Bit Server VM (17.0.9+0--11185874, mixed mode, tiered, compressed oops, compressed class ptrs, g1 gc, windows-amd64)
GC Precious Log:
 CPUs: 6 total, 6 available
 Memory: 7542M
 Large Page Support: Disabled
 NUMA Support: Disabled
 Compressed Oops: Enabled (32-bit)
 Heap Region Size: 1M
 Heap Min Capacity: 8M
 Heap Initial Capacity: 118M
 Heap Max Capacity: 1886M
 Pre-touch: Disabled
 Parallel Workers: 6
 Concurrent Workers: 2
 Concurrent Refinement Workers: 6
 Periodic GC: Disabled
Heap:
 garbage-first heap   total 93184K, used 42631K [0x000000008a200000, 0x0000000100000000)
  region size 1024K, 1 young (1024K), 1 survivors (1024K)
 Metaspace       used 30598K, committed 30784K, reserved 1114112K
  class space    used 3865K, committed 3968K, reserved 1048576K
GC Heap History (20 events):
Event: 0.606 GC heap after
{Heap after GC invocations=1 (full 0):
 garbage-first heap   total 120832K, used 7098K [0x000000008a200000, 0x0000000100000000)
  region size 1024K, 3 young (3072K), 3 survivors (3072K)
 Metaspace       used 13969K, committed 14080K, reserved 1114112K
  class space    used 1381K, committed 1408K, reserved 1048576K
}
Event: 0.993 GC heap before
{Heap before GC invocations=1 (full 0):
 garbage-first heap   total 120832K, used 31674K [0x000000008a200000, 0x0000000100000000)
  region size 1024K, 28 young (28672K), 3 survivors (3072K)
 Metaspace       used 21335K, committed 21504K, reserved 1114112K
  class space    used 2303K, committed 2368K, reserved 1048576K
}
Event: 0.998 GC heap after
{Heap after GC invocations=2 (full 0):
 garbage-first heap   total 120832K, used 8462K [0x000000008a200000, 0x0000000100000000)
  region size 1024K, 2 young (2048K), 2 survivors (2048K)
 Metaspace       used 21335K, committed 21504K, reserved 1114112K
  class space    used 2303K, committed 2368K, reserved 1048576K
}
Event: 1.231 GC heap before
{Heap before GC invocations=3 (full 0):
 garbage-first heap   total 34816K, used 28942K [0x000000008a200000, 0x0000000100000000)
  region size 1024K, 16 young (16384K), 2 survivors (2048K)
 Metaspace       used 24881K, committed 25152K, reserved 1114112K
  class space    used 3041K, committed 3136K, reserved 1048576K
}
Event: 1.236 GC heap after
{Heap after GC invocations=4 (full 0):
 garbage-first heap   total 34816K, used 17990K [0x000000008a200000, 0x0000000100000000)
  region size 1024K, 4 young (4096K), 4 survivors (4096K)
 Metaspace       used 24881K, committed 25152K, reserved 1114112K
  class space    used 3041K, committed 3136K, reserved 1048576K
}
Event: 1.262 GC heap before
{Heap before GC invocations=4 (full 0):
 garbage-first heap   total 34816K, used 26182K [0x000000008a200000, 0x0000000100000000)
  region size 1024K, 12 young (12288K), 4 survivors (4096K)
 Metaspace       used 24882K, committed 25152K, reserved 1114112K
  class space    used 3041K, committed 3136K, reserved 1048576K
}
Event: 1.269 GC heap after
{Heap after GC invocations=5 (full 0):
 garbage-first heap   total 34816K, used 20101K [0x000000008a200000, 0x0000000100000000)
  region size 1024K, 2 young (2048K), 2 survivors (2048K)
 Metaspace       used 24882K, committed 25152K, reserved 1114112K
  class space    used 3041K, committed 3136K, reserved 1048576K
}
Event: 1.288 GC heap before
{Heap before GC invocations=5 (full 0):
 garbage-first heap   total 34816K, used 26245K [0x000000008a200000, 0x0000000100000000)
  region size 1024K, 8 young (8192K), 2 survivors (2048K)
 Metaspace       used 24882K, committed 25152K, reserved 1114112K
  class space    used 3041K, committed 3136K, reserved 1048576K
}
Event: 1.293 GC heap after
{Heap after GC invocations=6 (full 0):
 garbage-first heap   total 34816K, used 21625K [0x000000008a200000, 0x0000000100000000)
  region size 1024K, 1 young (1024K), 1 survivors (1024K)
 Metaspace       used 24882K, committed 25152K, reserved 1114112K
  class space    used 3041K, committed 3136K, reserved 1048576K
}
Event: 1.334 GC heap before
{Heap before GC invocations=7 (full 0):
 garbage-first heap   total 40960K, used 24697K [0x000000008a200000, 0x0000000100000000)
  region size 1024K, 5 young (5120K), 1 survivors (1024K)
 Metaspace       used 24996K, committed 25280K, reserved 1114112K
  class space    used 3045K, committed 3136K, reserved 1048576K
}
Event: 1.339 GC heap after
{Heap after GC invocations=8 (full 0):
 garbage-first heap   total 40960K, used 23146K [0x000000008a200000, 0x0000000100000000)
  region size 1024K, 1 young (1024K), 1 survivors (1024K)
 Metaspace       used 24996K, committed 25280K, reserved 1114112K
  class space    used 3045K, committed 3136K, reserved 1048576K
}
Event: 1.391 GC heap before
{Heap before GC invocations=8 (full 0):
 garbage-first heap   total 40960K, used 29290K [0x000000008a200000, 0x0000000100000000)
  region size 1024K, 8 young (8192K), 1 survivors (1024K)
 Metaspace       used 25004K, committed 25280K, reserved 1114112K
  class space    used 3047K, committed 3136K, reserved 1048576K
}
Event: 1.403 GC heap after
{Heap after GC invocations=9 (full 0):
 garbage-first heap   total 81920K, used 28077K [0x000000008a200000, 0x0000000100000000)
  region size 1024K, 1 young (1024K), 1 survivors (1024K)
 Metaspace       used 25004K, committed 25280K, reserved 1114112K
  class space    used 3047K, committed 3136K, reserved 1048576K
}
Event: 1.503 GC heap before
{Heap before GC invocations=10 (full 0):
 garbage-first heap   total 81920K, used 52653K [0x000000008a200000, 0x0000000100000000)
  region size 1024K, 22 young (22528K), 1 survivors (1024K)
 Metaspace       used 25017K, committed 25280K, reserved 1114112K
  class space    used 3047K, committed 3136K, reserved 1048576K
}
Event: 1.515 GC heap after
{Heap after GC invocations=11 (full 0):
 garbage-first heap   total 81920K, used 31665K [0x000000008a200000, 0x0000000100000000)
  region size 1024K, 3 young (3072K), 3 survivors (3072K)
 Metaspace       used 25017K, committed 25280K, reserved 1114112K
  class space    used 3047K, committed 3136K, reserved 1048576K
}
Event: 1.899 GC heap before
{Heap before GC invocations=11 (full 0):
 garbage-first heap   total 81920K, used 51121K [0x000000008a200000, 0x0000000100000000)
  region size 1024K, 23 young (23552K), 3 survivors (3072K)
 Metaspace       used 29330K, committed 29504K, reserved 1114112K
  class space    used 3733K, committed 3840K, reserved 1048576K
}
Event: 1.906 GC heap after
{Heap after GC invocations=12 (full 0):
 garbage-first heap   total 81920K, used 29383K [0x000000008a200000, 0x0000000100000000)
  region size 1024K, 2 young (2048K), 2 survivors (2048K)
 Metaspace       used 29330K, committed 29504K, reserved 1114112K
  class space    used 3733K, committed 3840K, reserved 1048576K
}
Event: 2.072 GC heap before
{Heap before GC invocations=12 (full 0):
 garbage-first heap   total 81920K, used 46791K [0x000000008a200000, 0x0000000100000000)
  region size 1024K, 12 young (12288K), 2 survivors (2048K)
 Metaspace       used 30592K, committed 30784K, reserved 1114112K
  class space    used 3865K, committed 3968K, reserved 1048576K
}
Event: 2.076 GC heap after
{Heap after GC invocations=13 (full 0):
 garbage-first heap   total 81920K, used 39857K [0x000000008a200000, 0x0000000100000000)
  region size 1024K, 4 young (4096K), 4 survivors (4096K)
 Metaspace       used 30592K, committed 30784K, reserved 1114112K
  class space    used 3865K, committed 3968K, reserved 1048576K
}
Event: 2.101 GC heap before
{Heap before GC invocations=13 (full 0):
 garbage-first heap   total 81920K, used 41905K [0x000000008a200000, 0x0000000100000000)
  region size 1024K, 5 young (5120K), 4 survivors (4096K)
 Metaspace       used 30598K, committed 30784K, reserved 1114112K
  class space    used 3865K, committed 3968K, reserved 1048576K
}

