# JRE version: OpenJDK Runtime Environment (17.0.9) (build 17.0.9+0--11185874)
# Java VM: OpenJDK 64-Bit Server VM (17.0.9+0--11185874, mixed mode, tiered, compressed oops, compressed class ptrs, g1 gc, windows-amd64)
GC Precious Log:
 CPUs: 6 total, 6 available
 Memory: 7542M
 Large Page Support: Disabled
 NUMA Support: Disabled
 Compressed Oops: Enabled (32-bit)
 Heap Region Size: 1M
 Heap Min Capacity: 8M
 Heap Initial Capacity: 118M
 Heap Max Capacity: 1886M
 Pre-touch: Disabled
 Parallel Workers: 6
 Concurrent Workers: 2
 Concurrent Refinement Workers: 6
 Periodic GC: Disabled
Heap:
 garbage-first heap   total 93184K, used 37269K [0x000000008a200000, 0x0000000100000000)
  region size 1024K, 2 young (2048K), 2 survivors (2048K)
 Metaspace       used 30524K, committed 30720K, reserved 1114112K
  class space    used 3865K, committed 3968K, reserved 1048576K
GC Heap History (19 events):
Event: 0.545 GC heap before
{Heap before GC invocations=0 (full 0):
 garbage-first heap   total 120832K, used 25600K [0x000000008a200000, 0x0000000100000000)
  region size 1024K, 21 young (21504K), 0 survivors (0K)
 Metaspace       used 13966K, committed 14080K, reserved 1114112K
  class space    used 1381K, committed 1408K, reserved 1048576K
}
Event: 0.549 GC heap after
{Heap after GC invocations=1 (full 0):
 garbage-first heap   total 120832K, used 6912K [0x000000008a200000, 0x0000000100000000)
  region size 1024K, 3 young (3072K), 3 survivors (3072K)
 Metaspace       used 13966K, committed 14080K, reserved 1114112K
  class space    used 1381K, committed 1408K, reserved 1048576K
}
Event: 0.911 GC heap before
{Heap before GC invocations=1 (full 0):
 garbage-first heap   total 120832K, used 31488K [0x000000008a200000, 0x0000000100000000)
  region size 1024K, 28 young (28672K), 3 survivors (3072K)
 Metaspace       used 21329K, committed 21504K, reserved 1114112K
  class space    used 2302K, committed 2368K, reserved 1048576K
}
Event: 0.915 GC heap after
{Heap after GC invocations=2 (full 0):
 garbage-first heap   total 120832K, used 8201K [0x000000008a200000, 0x0000000100000000)
  region size 1024K, 2 young (2048K), 2 survivors (2048K)
 Metaspace       used 21329K, committed 21504K, reserved 1114112K
  class space    used 2302K, committed 2368K, reserved 1048576K
}
Event: 1.132 GC heap before
{Heap before GC invocations=3 (full 0):
 garbage-first heap   total 34816K, used 28681K [0x000000008a200000, 0x0000000100000000)
  region size 1024K, 16 young (16384K), 2 survivors (2048K)
 Metaspace       used 24888K, committed 25152K, reserved 1114112K
  class space    used 3041K, committed 3136K, reserved 1048576K
}
Event: 1.136 GC heap after
{Heap after GC invocations=4 (full 0):
 garbage-first heap   total 34816K, used 17719K [0x000000008a200000, 0x0000000100000000)
  region size 1024K, 4 young (4096K), 4 survivors (4096K)
 Metaspace       used 24888K, committed 25152K, reserved 1114112K
  class space    used 3041K, committed 3136K, reserved 1048576K
}
Event: 1.142 GC heap before
{Heap before GC invocations=4 (full 0):
 garbage-first heap   total 34816K, used 18743K [0x000000008a200000, 0x0000000100000000)
  region size 1024K, 5 young (5120K), 4 survivors (4096K)
 Metaspace       used 24889K, committed 25152K, reserved 1114112K
  class space    used 3041K, committed 3136K, reserved 1048576K
}
Event: 1.146 GC heap after
{Heap after GC invocations=5 (full 0):
 garbage-first heap   total 34816K, used 17895K [0x000000008a200000, 0x0000000100000000)
  region size 1024K, 1 young (1024K), 1 survivors (1024K)
 Metaspace       used 24889K, committed 25152K, reserved 1114112K
  class space    used 3041K, committed 3136K, reserved 1048576K
}
Event: 1.171 GC heap before
{Heap before GC invocations=5 (full 0):
 garbage-first heap   total 34816K, used 26087K [0x000000008a200000, 0x0000000100000000)
  region size 1024K, 9 young (9216K), 1 survivors (1024K)
 Metaspace       used 24889K, committed 25152K, reserved 1114112K
  class space    used 3041K, committed 3136K, reserved 1048576K
}
Event: 1.175 GC heap after
{Heap after GC invocations=6 (full 0):
 garbage-first heap   total 34816K, used 19999K [0x000000008a200000, 0x0000000100000000)
  region size 1024K, 2 young (2048K), 2 survivors (2048K)
 Metaspace       used 24889K, committed 25152K, reserved 1114112K
  class space    used 3041K, committed 3136K, reserved 1048576K
}
Event: 1.195 GC heap before
{Heap before GC invocations=7 (full 0):
 garbage-first heap   total 35840K, used 26143K [0x000000008a200000, 0x0000000100000000)
  region size 1024K, 8 young (8192K), 2 survivors (2048K)
 Metaspace       used 24889K, committed 25152K, reserved 1114112K
  class space    used 3041K, committed 3136K, reserved 1048576K
}
Event: 1.200 GC heap after
{Heap after GC invocations=8 (full 0):
 garbage-first heap   total 71680K, used 21504K [0x000000008a200000, 0x0000000100000000)
  region size 1024K, 1 young (1024K), 1 survivors (1024K)
 Metaspace       used 24889K, committed 25152K, reserved 1114112K
  class space    used 3041K, committed 3136K, reserved 1048576K
}
Event: 1.351 GC heap before
{Heap before GC invocations=8 (full 0):
 garbage-first heap   total 71680K, used 51200K [0x000000008a200000, 0x0000000100000000)
  region size 1024K, 28 young (28672K), 1 survivors (1024K)
 Metaspace       used 25018K, committed 25280K, reserved 1114112K
  class space    used 3046K, committed 3136K, reserved 1048576K
}
Event: 1.370 GC heap after
{Heap after GC invocations=9 (full 0):
 garbage-first heap   total 71680K, used 28477K [0x000000008a200000, 0x0000000100000000)
  region size 1024K, 4 young (4096K), 4 survivors (4096K)
 Metaspace       used 25018K, committed 25280K, reserved 1114112K
  class space    used 3046K, committed 3136K, reserved 1048576K
}
Event: 1.610 GC heap before
{Heap before GC invocations=9 (full 0):
 garbage-first heap   total 71680K, used 48957K [0x000000008a200000, 0x0000000100000000)
  region size 1024K, 24 young (24576K), 4 survivors (4096K)
 Metaspace       used 27913K, committed 28096K, reserved 1114112K
  class space    used 3584K, committed 3648K, reserved 1048576K
}
Event: 1.618 GC heap after
{Heap after GC invocations=10 (full 0):
 garbage-first heap   total 71680K, used 27799K [0x000000008a200000, 0x0000000100000000)
  region size 1024K, 3 young (3072K), 3 survivors (3072K)
 Metaspace       used 27913K, committed 28096K, reserved 1114112K
  class space    used 3584K, committed 3648K, reserved 1048576K
}
Event: 1.760 GC heap before
{Heap before GC invocations=10 (full 0):
 garbage-first heap   total 71680K, used 43159K [0x000000008a200000, 0x0000000100000000)
  region size 1024K, 13 young (13312K), 3 survivors (3072K)
 Metaspace       used 30384K, committed 30656K, reserved 1114112K
  class space    used 3854K, committed 3968K, reserved 1048576K
}
Event: 1.766 GC heap after
{Heap after GC invocations=11 (full 0):
 garbage-first heap   total 71680K, used 35712K [0x000000008a200000, 0x0000000100000000)
  region size 1024K, 2 young (2048K), 2 survivors (2048K)
 Metaspace       used 30384K, committed 30656K, reserved 1114112K
  class space    used 3854K, committed 3968K, reserved 1048576K
}
Event: 1.803 GC heap before
{Heap before GC invocations=12 (full 0):
 garbage-first heap   total 71680K, used 38784K [0x000000008a200000, 0x0000000100000000)
  region size 1024K, 5 young (5120K), 2 survivors (2048K)
 Metaspace       used 30524K, committed 30720K, reserved 1114112K
  class space    used 3865K, committed 3968K, reserved 1048576K
}

